Symbol range map extraction starting
Processing 46 files
startProcessing "trhod177/bm/ButcheryMod.java" md5: 59809fdf6e728fff45116d2ed9d51e4a
endProcessing "trhod177/bm/ButcheryMod.java"

startProcessing "trhod177/bm/References.java" md5: 62f6a14e5ebfe4ef1060c32567f1353e
Cache Hit!
endProcessing "trhod177/bm/References.java"

startProcessing "trhod177/bm/blocks/ButcheryTable.java" md5: 262933ec41e9d9c042a2e9272fc214e1
Cache Hit!
endProcessing "trhod177/bm/blocks/ButcheryTable.java"

startProcessing "trhod177/bm/blocks/CoalIronOre.java" md5: 6621df20fa51d6ec31e9ecd33955ce2c
Cache Hit!
endProcessing "trhod177/bm/blocks/CoalIronOre.java"

startProcessing "trhod177/bm/blocks/CustomBlock.java" md5: 50a2d5c100d604bcfeb3b8bf22e18adc
Cache Hit!
endProcessing "trhod177/bm/blocks/CustomBlock.java"

startProcessing "trhod177/bm/blocks/MeatBlock.java" md5: e8a5a64e12f95d3122d2bd7479755c3a
Cache Hit!
endProcessing "trhod177/bm/blocks/MeatBlock.java"

startProcessing "trhod177/bm/blocks/TempBlock.java" md5: 824834a0eaacc1050cbb07c7ebba2559
Cache Hit!
endProcessing "trhod177/bm/blocks/TempBlock.java"

startProcessing "trhod177/bm/blocks/carcasses/ChickenCarcassBlock.java" md5: 37dbb70dcab6711e375ad48cc4e51360
endProcessing "trhod177/bm/blocks/carcasses/ChickenCarcassBlock.java"

startProcessing "trhod177/bm/blocks/carcasses/CowCarcassBlock.java" md5: 42eafc838a41b1e815f30ba22eb84d59
endProcessing "trhod177/bm/blocks/carcasses/CowCarcassBlock.java"

startProcessing "trhod177/bm/blocks/carcasses/DonkeyCarcassBlock.java" md5: 99efe29787637ca6c0f05bd019803ff6
endProcessing "trhod177/bm/blocks/carcasses/DonkeyCarcassBlock.java"

startProcessing "trhod177/bm/blocks/carcasses/HorseCarcassBlock.java" md5: 65eb246730d5058ef430137a8c99d971
endProcessing "trhod177/bm/blocks/carcasses/HorseCarcassBlock.java"

startProcessing "trhod177/bm/blocks/carcasses/LlamaCarcassBlock.java" md5: 75df59377cfa1459e2df75d6ff08b179
endProcessing "trhod177/bm/blocks/carcasses/LlamaCarcassBlock.java"

startProcessing "trhod177/bm/blocks/carcasses/MuleCarcassBlock.java" md5: a67368a0483dbe53dc19f25daafeb386
endProcessing "trhod177/bm/blocks/carcasses/MuleCarcassBlock.java"

startProcessing "trhod177/bm/blocks/carcasses/PigCarcassBlock.java" md5: 6a7f440990fc9d0bae0fb9eacb962cc8
endProcessing "trhod177/bm/blocks/carcasses/PigCarcassBlock.java"

startProcessing "trhod177/bm/blocks/carcasses/RabbitCarcassBlock.java" md5: f8a05e52646f6eeb4823ef7a72d9d26d
endProcessing "trhod177/bm/blocks/carcasses/RabbitCarcassBlock.java"

startProcessing "trhod177/bm/blocks/carcasses/SheepCarcassBlock.java" md5: 55a8a7495666a46b166c1d19612c5b2a
endProcessing "trhod177/bm/blocks/carcasses/SheepCarcassBlock.java"

startProcessing "trhod177/bm/blocks/carcasses/SquidCarcassBlock.java" md5: cf5a101605e7f25b6576b5fc08ec903b
endProcessing "trhod177/bm/blocks/carcasses/SquidCarcassBlock.java"

startProcessing "trhod177/bm/blocks/machines/slowroaster/SlowRoaster.java" md5: 6c4c474335e7ef2a67af9f9edebd7839
Cache Hit!
endProcessing "trhod177/bm/blocks/machines/slowroaster/SlowRoaster.java"

startProcessing "trhod177/bm/blocks/machines/tanningrack/TanningRack.java" md5: 29d92b23dec7f657aa3078ec2235e82b
endProcessing "trhod177/bm/blocks/machines/tanningrack/TanningRack.java"

startProcessing "trhod177/bm/creativetabs/ButcheryModCreativeTab.java" md5: 7ac9df3220a8a13842bd6b03f61b5976
Cache Hit!
endProcessing "trhod177/bm/creativetabs/ButcheryModCreativeTab.java"

startProcessing "trhod177/bm/creativetabs/ButcheryModCreativeTab2.java" md5: a7b38faca95caba004f5384a8450600f
Cache Hit!
endProcessing "trhod177/bm/creativetabs/ButcheryModCreativeTab2.java"

startProcessing "trhod177/bm/creativetabs/ButcheryModCreativeTab3.java" md5: 60466dc425aa1255c2689af55311f778
Cache Hit!
endProcessing "trhod177/bm/creativetabs/ButcheryModCreativeTab3.java"

startProcessing "trhod177/bm/handlers/BmOreDictionaryHandler.java" md5: adef07106456db61871698b4725a8b9d
Cache Hit!
endProcessing "trhod177/bm/handlers/BmOreDictionaryHandler.java"

startProcessing "trhod177/bm/handlers/ConfigHandler.java" md5: 4829ff3ed35396fa12c7f63d1550fa8c
Cache Hit!
endProcessing "trhod177/bm/handlers/ConfigHandler.java"

startProcessing "trhod177/bm/handlers/CraftingHandler.java" md5: 7140531a80e31db03584fba4d8f230fc
Cache Hit!
endProcessing "trhod177/bm/handlers/CraftingHandler.java"

startProcessing "trhod177/bm/handlers/RecipeHandler.java" md5: 911015b12820dc660ad4fb2048ad8fd4
endProcessing "trhod177/bm/handlers/RecipeHandler.java"

startProcessing "trhod177/bm/init/BlockInit.java" md5: 64ad6f233a7f6eb72147e24bb313adf8
endProcessing "trhod177/bm/init/BlockInit.java"

startProcessing "trhod177/bm/init/ItemInit.java" md5: 4f5bd6ca4746172a62b5d08a7d00db7c
endProcessing "trhod177/bm/init/ItemInit.java"

startProcessing "trhod177/bm/init/MobDrops.java" md5: 09150f4d33e6417f45145754d16f61f4
endProcessing "trhod177/bm/init/MobDrops.java"

startProcessing "trhod177/bm/interfaces/IStructure.java" md5: b6a0adeea1a47e437b9351bcf27b9396
Cache Hit!
endProcessing "trhod177/bm/interfaces/IStructure.java"

startProcessing "trhod177/bm/items/AnimalParts.java" md5: 21927a71425becb8f55f926c82c50d2c
Cache Hit!
endProcessing "trhod177/bm/items/AnimalParts.java"

startProcessing "trhod177/bm/items/BmItemFood.java" md5: 7116e9d15df6cc721c51c5b01d3b570e
Cache Hit!
endProcessing "trhod177/bm/items/BmItemFood.java"

startProcessing "trhod177/bm/items/ItemAnimalSkin.java" md5: 80b9c39eae2e60ebfd923fd3a185c635
endProcessing "trhod177/bm/items/ItemAnimalSkin.java"

startProcessing "trhod177/bm/items/ItemButcherKnife.java" md5: 3ce73f5eee62e3ce51ca2f9cc5c0c623
Cache Hit!
endProcessing "trhod177/bm/items/ItemButcherKnife.java"

startProcessing "trhod177/bm/items/ItemCleaver.java" md5: b6ad7657b7de4d66b61eb56eeee1b34a
Cache Hit!
endProcessing "trhod177/bm/items/ItemCleaver.java"

startProcessing "trhod177/bm/items/ItemDeboningKnife.java" md5: 7ee63e1f0e4e70fa9f686f746a708095
Cache Hit!
endProcessing "trhod177/bm/items/ItemDeboningKnife.java"

startProcessing "trhod177/bm/items/ItemKnife.java" md5: e5bb17b7981aeaaa5b5047c8ea4add30
Cache Hit!
endProcessing "trhod177/bm/items/ItemKnife.java"

startProcessing "trhod177/bm/items/ItemSkinningKnife.java" md5: 435099c3e5bf5f4c8985633e83145c44
Cache Hit!
endProcessing "trhod177/bm/items/ItemSkinningKnife.java"

startProcessing "trhod177/bm/items/ItemSteel.java" md5: 36051179370d56953219f69baa57b617
Cache Hit!
endProcessing "trhod177/bm/items/ItemSteel.java"

startProcessing "trhod177/bm/items/ItemSteelIngot.java" md5: ecaf98f0bec40534a3fe2808f6ae6980
Cache Hit!
endProcessing "trhod177/bm/items/ItemSteelIngot.java"

startProcessing "trhod177/bm/items/ModItem.java" md5: 043dac91e52581c740603167808adadf
Cache Hit!
endProcessing "trhod177/bm/items/ModItem.java"

startProcessing "trhod177/bm/proxy/ClientProxy.java" md5: 45d101280c560e2c62c50aef84b0fe91
Cache Hit!
endProcessing "trhod177/bm/proxy/ClientProxy.java"

startProcessing "trhod177/bm/proxy/CommonProxy.java" md5: c91d500166eba6c55de26b9d8dfb3ac7
Cache Hit!
endProcessing "trhod177/bm/proxy/CommonProxy.java"

startProcessing "trhod177/bm/worldgen/WorldGenCustomOres.java" md5: ba633fcff6d48499e5bfb3ba3691de91
Cache Hit!
endProcessing "trhod177/bm/worldgen/WorldGenCustomOres.java"

startProcessing "trhod177/bm/worldgen/WorldGenCustomStructures.java" md5: 0b63bf52f2a082421ce103966390f3f6
Cache Hit!
endProcessing "trhod177/bm/worldgen/WorldGenCustomStructures.java"

startProcessing "trhod177/bm/worldgen/WorldGenStructure.java" md5: 4a36c17ffedb195c3ab58e8d0ea1c7cf
Cache Hit!
endProcessing "trhod177/bm/worldgen/WorldGenStructure.java"

